<?xml version="1.0" encoding="UTF-8"?>
<!-- Generated by org.testng.reporters.JUnitXMLReporter -->
<testsuite ignored="1" hostname="DESKTOP-QI1MP5K" failures="0" tests="1" name="Default test" time="39.889" errors="0" timestamp="2022-05-16T14:18:10 IST">
  <testcase classname="TestScripts.ProductTest" name="isDescriptionlengthgreater" time="33.394"/>
  <testcase classname="TestScripts.ProductTest" name="isSizeDisplayedInUrl" time="0.0">
    <ignored/>
  </testcase> <!-- isSizeDisplayedInUrl -->
</testsuite> <!-- Default test -->
