<?xml version="1.0" encoding="UTF-8"?>
<testng-results ignored="1" total="2" passed="1" failed="0" skipped="0">
  <reporter-output>
  </reporter-output>
  <suite started-at="2022-05-16T14:17:30 IST" name="Default suite" finished-at="2022-05-16T14:18:10 IST" duration-ms="39889">
    <groups>
    </groups>
    <test started-at="2022-05-16T14:17:30 IST" name="Default test" finished-at="2022-05-16T14:18:10 IST" duration-ms="39889">
      <class name="TestScripts.ProductTest">
        <test-method is-config="true" signature="clickFirstImage()[pri:0, instance:TestScripts.ProductTest@7caa550]" started-at="2022-05-16T14:17:30 IST" name="clickFirstImage" finished-at="2022-05-16T14:17:37 IST" duration-ms="6355" status="PASS">
          <reporter-output>
          </reporter-output>
        </test-method> <!-- clickFirstImage -->
        <test-method signature="isDescriptionlengthgreater()[pri:0, instance:TestScripts.ProductTest@7caa550]" started-at="2022-05-16T14:17:37 IST" name="isDescriptionlengthgreater" finished-at="2022-05-16T14:18:10 IST" duration-ms="33394" status="PASS">
          <reporter-output>
          </reporter-output>
        </test-method> <!-- isDescriptionlengthgreater -->
      </class> <!-- TestScripts.ProductTest -->
    </test> <!-- Default test -->
  </suite> <!-- Default suite -->
</testng-results>
